            --------------------------------------------------------
                             AMBER SQM VERSION 19
 
                                     By
              Ross C. Walker, Michael F. Crowley, Scott Brozell,
                         Tim Giese, Andreas W. Goetz,
                        Tai-Sung Lee and David A. Case
 
            --------------------------------------------------------
 

--------------------------------------------------------------------------------
  QM CALCULATION INFO
--------------------------------------------------------------------------------

| QMMM: Citation for AMBER QMMM Run:
| QMMM: R.C. Walker, M.F. Crowley and D.A. Case, J. COMP. CHEM. 29:1019, 2008

QMMM: SINGLET STATE CALCULATION
QMMM: RHF CALCULATION, NO. OF DOUBLY OCCUPIED LEVELS = 83

| QMMM: *** Selected Hamiltonian *** 
| QMMM: AM1         

| QMMM: *** Parameter sets in use ***
| QMMM: O : M.J.S.DEWAR et al. JACS, 107, 3902, (1985)
| QMMM: C : M.J.S.DEWAR et al. JACS, 107, 3902, (1985)
| QMMM: N : M.J.S.DEWAR et al. JACS, 107, 3902, (1985)
| QMMM: H : M.J.S.DEWAR et al. JACS, 107, 3902, (1985)

| QMMM: *** SCF convergence criteria ***
| QMMM: Energy change                :  0.1D-09 kcal/mol
| QMMM: Error matrix |FP-PF|         :  0.1D+00 au
| QMMM: Density matrix change        :  0.5D-06
| QMMM: Maximum number of SCF cycles :     1000

| QMMM: *** Diagonalization Routine Information ***
| QMMM: Pseudo diagonalizations are allowed.
| QMMM: Auto diagonalization routine selection is in use.
| QMMM:
| QMMM: Timing diagonalization routines:
| QMMM:                              norbs =      152
| QMMM:    diag iterations used for timing =        5
| QMMM:
| QMMM:              Internal diag routine = 0.037377 seconds
| QMMM:                 Dspev diag routine = 0.033586 seconds
| QMMM:                Dspevd diag routine = 0.026227 seconds
| QMMM:                Dspevx diag routine = 0.113109 seconds
| QMMM:                 Dsyev diag routine = 0.036851 seconds
| QMMM:                Dsyevd diag routine = 0.028704 seconds
| QMMM:                Dsyevr diag routine = 0.029983 seconds
| QMMM:
| QMMM:                Pseudo diag routine = 0.016084 seconds
| QMMM:
| QMMM: Using dspevd routine (diag_routine=3).

  QMMM: QM Region Cartesian Coordinates (*=link atom) 
  QMMM: QM_NO.   MM_NO.  ATOM         X         Y         Z
  QMMM:     1        1      O        0.3230  -27.9780  -14.2500
  QMMM:     2        2      C       -0.0110  -27.9960  -13.0580
  QMMM:     3        3      N       -1.2130  -27.6780  -12.5750
  QMMM:     4        4      H       -1.3210  -27.6350  -11.5700
  QMMM:     5        5      N        0.7980  -28.3360  -12.0580
  QMMM:     6        6      H        0.4350  -28.2880  -11.1220
  QMMM:     7        7      C       -2.4480  -27.5790  -13.2530
  QMMM:     8        8      C        2.1370  -28.8910  -12.1700
  QMMM:     9        9      H        2.4120  -28.9400  -13.2260
  QMMM:    10       10      C       -2.7140  -27.6910  -14.5860
  QMMM:    11       11      H       -2.0820  -27.8570  -15.4480
  QMMM:    12       12      C        2.1410  -30.3160  -11.5790
  QMMM:    13       13      H        1.1390  -30.7330  -11.5000
  QMMM:    14       14      H        2.5680  -30.3470  -10.5750
  QMMM:    15       15      C        3.1490  -28.0100  -11.4610
  QMMM:    16       16      C        2.9210  -31.2540  -12.5190
  QMMM:    17       17      N       -4.0810  -27.5550  -14.6780
  QMMM:    18       18      H       -4.6050  -27.5680  -15.5650
  QMMM:    19       19      C        2.8780  -27.5020  -10.1700
  QMMM:    20       20      H        1.9500  -27.7390   -9.6700
  QMMM:    21       21      O        3.6400  -32.1770  -11.7320
  QMMM:    22       22      N       -4.6910  -27.3610  -13.4810
  QMMM:    23       23      C        3.8290  -26.6990   -9.5170
  QMMM:    24       24      H        3.6490  -26.3280   -8.5210
  QMMM:    25       25      C       -3.6990  -27.3950  -12.5940
  QMMM:    26       26      C        5.0360  -26.3840  -10.1590
  QMMM:    27       27      H        5.7380  -25.7400   -9.6660
  QMMM:    28       28      C       -4.0010  -27.2650  -11.1580
  QMMM:    29       29      C        5.3330  -26.9180  -11.4250
  QMMM:    30       30      N       -5.2580  -27.1200  -10.7060
  QMMM:    31       31      H       -6.0800  -27.2020  -11.2980
  QMMM:    32       32      N       -3.0760  -27.3040  -10.1860
  QMMM:    33       33      C        4.3880  -27.7300  -12.0730
  QMMM:    34       34      H        4.6300  -28.1490  -13.0370
  QMMM:    35       35      C       -5.2220  -27.1080   -9.3320
  QMMM:    36       36      C       -6.2060  -27.0040   -8.3390
  QMMM:    37       37      H       -7.2360  -26.9120   -8.6440
  QMMM:    38       38      C       -5.8210  -27.0760   -6.9790
  QMMM:    39       39      O       -6.7150  -27.0050   -5.9330
  QMMM:    40       40      C       -4.4570  -27.2730   -6.6480
  QMMM:    41       41      O       -4.1610  -27.4020   -5.3080
  QMMM:    42       42      C       -3.4770  -27.3430   -7.6730
  QMMM:    43       43      H       -2.4300  -27.4530   -7.4430
  QMMM:    44       44      C       -8.0970  -26.8720   -6.2300
  QMMM:    45       45      H       -8.6670  -26.8530   -5.3020
  QMMM:    46       46      H       -8.3040  -25.9450   -6.7660
  QMMM:    47       47      H       -8.4580  -27.7150   -6.8180
  QMMM:    48       48      C       -3.8440  -27.2570   -9.0300
  QMMM:    49       49      C       -2.8960  -27.9360   -4.9450
  QMMM:    50       50      H       -2.8930  -28.1520   -3.8770
  QMMM:    51       51      H       -2.6870  -28.8690   -5.4700
  QMMM:    52       52      H       -2.0920  -27.2280   -5.1350
  QMMM:    53       53      H        6.2810  -26.7050  -11.8960
  QMMM:    54       54      H        3.6170  -30.6690  -13.1200
  QMMM:    55       55      H        2.2200  -31.7910  -13.1590
  QMMM:    56       56      H        4.1320  -32.7700  -12.3050

--------------------------------------------------------------------------------
  RESULTS
--------------------------------------------------------------------------------

      iter         sqm energy              rms gradient
      ----    -------------------    -----------------------
xmin    10        7.4260 kcal/mol        0.6584 kcal/(mol*A)
xmin    20        5.7766 kcal/mol        1.2044 kcal/(mol*A)
xmin    30        5.3188 kcal/mol        0.2519 kcal/(mol*A)
xmin    40        4.8847 kcal/mol        0.3004 kcal/(mol*A)
xmin    50        4.7762 kcal/mol        0.1456 kcal/(mol*A)
xmin    60        4.7552 kcal/mol        0.0820 kcal/(mol*A)
xmin    70        4.7194 kcal/mol        0.1529 kcal/(mol*A)
xmin    80        4.7040 kcal/mol        0.0434 kcal/(mol*A)
xmin    90        4.7001 kcal/mol        0.0164 kcal/(mol*A)
xmin   100        4.6991 kcal/mol        0.0132 kcal/(mol*A)
xmin   110        4.6984 kcal/mol        0.0106 kcal/(mol*A)
xmin   120        4.6978 kcal/mol        0.0093 kcal/(mol*A)
xmin   130        4.6975 kcal/mol        0.0055 kcal/(mol*A)
xmin   140        4.6974 kcal/mol        0.0100 kcal/(mol*A)
xmin   150        4.6974 kcal/mol        0.0032 kcal/(mol*A)
xmin   160        4.6973 kcal/mol        0.0023 kcal/(mol*A)
  ... geometry converged !
 
 Final MO eigenvalues (eV):
 -41.9998  -41.4007  -40.5010  -40.0343  -39.2169  -38.8293  -38.2174  -36.4124
 -35.8324  -35.3505  -33.5212  -32.6916  -31.9946  -31.6209  -30.8338  -30.2459
 -29.8844  -29.6149  -27.6050  -27.2472  -26.1515  -24.3789  -23.8458  -23.4456
 -23.0458  -22.8449  -22.3725  -21.2599  -21.1132  -20.8333  -19.5021  -19.0801
 -18.7973  -18.4826  -18.3253  -17.8282  -17.8196  -17.0333  -16.7607  -16.6020
 -16.5600  -16.2808  -16.2275  -16.0393  -15.9857  -15.8576  -15.5352  -15.4106
 -15.3526  -15.3182  -15.2060  -15.0805  -14.6357  -14.4990  -14.3285  -14.1048
 -13.9991  -13.6322  -13.5906  -13.0772  -12.9847  -12.9501  -12.7000  -12.6488
 -12.4386  -12.3565  -12.2752  -12.1645  -12.0382  -11.9933  -11.7952  -11.3998
 -11.3576  -11.2689  -11.1911  -10.8975  -10.3014  -10.0497   -9.8383   -9.7264
  -8.9304   -8.7945   -8.0998   -0.3119    0.2106    0.3781    0.5591    0.6908
   0.9159    1.2130    1.7057    1.7330    1.8298    2.2484    2.5012    2.5401
   2.7134    2.8232    2.8300    3.1742    3.3670    3.4886    3.5868    3.6548
   3.7299    3.8324    3.8388    3.9008    3.9066    3.9784    4.0186    4.0646
   4.0832    4.0983    4.1441    4.1793    4.2027    4.2108    4.2400    4.2865
   4.3329    4.3380    4.3899    4.4160    4.4383    4.5649    4.6792    4.7480
   4.8036    4.8802    4.8840    4.9396    4.9531    5.1663    5.1857    5.3269
   5.3714    5.4289    5.5114    5.5992    5.6065    5.6961    5.9020    5.9195
   6.1300    6.2339    6.3214    6.4046    6.4937    6.6374    6.7492    7.1940


 Heat of formation   =          4.69730312 kcal/mol  (        0.20369035 eV)

 Total SCF energy    =    -130688.63922037 kcal/mol  (    -5667.08465463 eV)
 Electronic energy   =   -1022567.46424102 kcal/mol  (   -44341.85266211 eV)
 Core-core repulsion =     891878.82502065 kcal/mol  (    38674.76800749 eV)
 
    Atomic Charges for Step       1 :
  Atom    Element       Mulliken Charge
     1      O                 -0.404
     2      C                  0.388
     3      N                 -0.285
     4      H                  0.263
     5      N                 -0.341
     6      H                  0.211
     7      C                  0.019
     8      C                  0.052
     9      H                  0.138
    10      C                 -0.145
    11      H                  0.218
    12      C                 -0.162
    13      H                  0.111
    14      H                  0.097
    15      C                 -0.115
    16      C                 -0.020
    17      N                 -0.139
    18      H                  0.279
    19      C                 -0.123
    20      H                  0.130
    21      O                 -0.329
    22      N                 -0.078
    23      C                 -0.129
    24      H                  0.134
    25      C                 -0.110
    26      C                 -0.123
    27      H                  0.133
    28      C                  0.099
    29      C                 -0.130
    30      N                 -0.213
    31      H                  0.268
    32      N                 -0.170
    33      C                 -0.112
    34      H                  0.140
    35      C                 -0.025
    36      C                 -0.192
    37      H                  0.146
    38      C                  0.082
    39      O                 -0.184
    40      C                  0.047
    41      O                 -0.188
    42      C                 -0.135
    43      H                  0.154
    44      C                 -0.080
    45      H                  0.109
    46      H                  0.071
    47      H                  0.071
    48      C                 -0.063
    49      C                 -0.080
    50      H                  0.107
    51      H                  0.072
    52      H                  0.071
    53      H                  0.134
    54      H                  0.069
    55      H                  0.064
    56      H                  0.200
 Total Mulliken Charge =       0.000
 
                  X        Y        Z     TOTAL  
  QM DIPOLE     0.129    1.833   -1.888    2.634
 
 Final Structure

  QMMM: QM Region Cartesian Coordinates (*=link atom) 
  QMMM: QM_NO.   MM_NO.  ATOM         X         Y         Z
  QMMM:     1        1      O        0.1346  -28.5768  -13.8071
  QMMM:     2        2      C       -0.0381  -28.5504  -12.5639
  QMMM:     3        3      N       -1.1898  -27.9633  -12.0003
  QMMM:     4        4      H       -1.3636  -28.0687  -11.0230
  QMMM:     5        5      N        0.8988  -29.1322  -11.6865
  QMMM:     6        6      H        0.8484  -28.8847  -10.7228
  QMMM:     7        7      C       -2.2776  -27.6169  -12.7797
  QMMM:     8        8      C        2.2471  -29.3795  -12.1731
  QMMM:     9        9      H        2.1909  -29.4498  -13.3049
  QMMM:    10       10      C       -2.3529  -27.4666  -14.1861
  QMMM:    11       11      H       -1.5948  -27.6353  -14.9532
  QMMM:    12       12      C        2.7722  -30.7284  -11.6469
  QMMM:    13       13      H        1.9879  -31.5220  -11.7576
  QMMM:    14       14      H        3.0281  -30.6550  -10.5589
  QMMM:    15       15      C        3.2072  -28.2701  -11.8037
  QMMM:    16       16      C        4.0065  -31.1424  -12.4303
  QMMM:    17       17      N       -3.6582  -27.0525  -14.4590
  QMMM:    18       18      H       -4.0416  -26.8598  -15.3554
  QMMM:    19       19      C        3.4794  -27.9746  -10.4636
  QMMM:    20       20      H        3.0021  -28.5584   -9.6620
  QMMM:    21       21      O        4.4953  -32.3292  -11.8237
  QMMM:    22       22      N       -4.4060  -26.9259  -13.3756
  QMMM:    23       23      C        4.3631  -26.9471  -10.1371
  QMMM:    24       24      H        4.5741  -26.7206   -9.0816
  QMMM:    25       25      C       -3.6151  -27.2627  -12.3043
  QMMM:    26       26      C        4.9791  -26.2072  -11.1465
  QMMM:    27       27      H        5.6761  -25.3967  -10.8880
  QMMM:    28       28      C       -4.0755  -27.2560  -10.9284
  QMMM:    29       29      C        4.7070  -26.4955  -12.4835
  QMMM:    30       30      N       -5.3893  -26.8610  -10.5849
  QMMM:    31       31      H       -6.0940  -26.5685  -11.2077
  QMMM:    32       32      N       -3.3407  -27.6142   -9.8444
  QMMM:    33       33      C        3.8212  -27.5211  -12.8128
  QMMM:    34       34      H        3.5998  -27.7365  -13.8695
  QMMM:    35       35      C       -5.4887  -26.9797   -9.1987
  QMMM:    36       36      C       -6.5427  -26.7306   -8.3075
  QMMM:    37       37      H       -7.5138  -26.3725   -8.6704
  QMMM:    38       38      C       -6.2993  -26.9572   -6.9599
  QMMM:    39       39      O       -7.2277  -26.7614   -5.9579
  QMMM:    40       40      C       -5.0240  -27.4261   -6.4970
  QMMM:    41       41      O       -4.9529  -27.5971   -5.1266
  QMMM:    42       42      C       -3.9786  -27.6736   -7.3728
  QMMM:    43       43      H       -3.0008  -28.0326   -7.0249
  QMMM:    44       44      C       -8.5069  -26.2979   -6.3741
  QMMM:    45       45      H       -9.0758  -26.2162   -5.4131
  QMMM:    46       46      H       -8.4249  -25.2999   -6.8694
  QMMM:    47       47      H       -8.9926  -27.0359   -7.0579
  QMMM:    48       48      C       -4.1965  -27.4529   -8.7437
  QMMM:    49       49      C       -3.7115  -28.0780   -4.6256
  QMMM:    50       50      H       -3.8879  -28.1453   -3.5220
  QMMM:    51       51      H       -3.4757  -29.0847   -5.0490
  QMMM:    52       52      H       -2.8879  -27.3570   -4.8494
  QMMM:    53       53      H        5.1876  -25.9107  -13.2817
  QMMM:    54       54      H        4.7901  -30.3383  -12.3894
  QMMM:    55       55      H        3.7451  -31.3425  -13.5044
  QMMM:    56       56      H        5.2839  -32.5830  -12.3165

           --------- Calculation Completed ----------

